0 info it worked if it ends with ok
1 verbose cli [ 'node', '/usr/local/bin/npm', 'install', 'azure-cli', '-g' ]
2 info using npm@1.4.28
3 info using node@v0.10.33
4 verbose node symlink /usr/local/bin/node
5 verbose cache add [ 'azure-cli', null ]
6 verbose cache add name=undefined spec="azure-cli" args=["azure-cli",null]
7 verbose parsed url { protocol: null,
7 verbose parsed url   slashes: null,
7 verbose parsed url   auth: null,
7 verbose parsed url   host: null,
7 verbose parsed url   port: null,
7 verbose parsed url   hostname: null,
7 verbose parsed url   hash: null,
7 verbose parsed url   search: null,
7 verbose parsed url   query: null,
7 verbose parsed url   pathname: 'azure-cli',
7 verbose parsed url   path: 'azure-cli',
7 verbose parsed url   href: 'azure-cli' }
8 silly lockFile e55ea045-azure-cli azure-cli
9 verbose lock azure-cli /Users/chitopolo/.npm/e55ea045-azure-cli.lock
10 silly lockFile e55ea045-azure-cli azure-cli
11 silly lockFile e55ea045-azure-cli azure-cli
12 verbose addNamed [ 'azure-cli', '' ]
13 verbose addNamed [ null, '*' ]
14 silly lockFile a53364e7-azure-cli azure-cli@
15 verbose lock azure-cli@ /Users/chitopolo/.npm/a53364e7-azure-cli.lock
16 silly addNameRange { name: 'azure-cli', range: '*', hasData: false }
17 verbose request where is /azure-cli
18 verbose request registry https://registry.npmjs.org/
19 verbose request id 44f25e8fa3301948
20 verbose url raw /azure-cli
21 verbose url resolving [ 'https://registry.npmjs.org/', './azure-cli' ]
22 verbose url resolved https://registry.npmjs.org/azure-cli
23 verbose request where is https://registry.npmjs.org/azure-cli
24 info trying registry request attempt 1 at 15:13:05
25 verbose etag "BIM4NOAI7WMPSE2LQ954ZF28P"
26 http GET https://registry.npmjs.org/azure-cli
27 http 200 https://registry.npmjs.org/azure-cli
28 silly registry.get cb [ 200,
28 silly registry.get   { date: 'Sun, 28 Dec 2014 23:13:04 GMT',
28 silly registry.get     server: 'CouchDB/1.5.0 (Erlang OTP/R16B03)',
28 silly registry.get     etag: '"1N4450060UOZZVYQ8DZ95RYGI"',
28 silly registry.get     'content-type': 'application/json',
28 silly registry.get     'cache-control': 'max-age=60',
28 silly registry.get     'content-length': '92533',
28 silly registry.get     'accept-ranges': 'bytes',
28 silly registry.get     via: '1.1 varnish',
28 silly registry.get     age: '0',
28 silly registry.get     'x-served-by': 'cache-lax1424-LAX',
28 silly registry.get     'x-cache': 'MISS',
28 silly registry.get     'x-cache-hits': '0',
28 silly registry.get     'x-timer': 'S1419808384.265936,VS0,VE669',
28 silly registry.get     vary: 'Accept',
28 silly registry.get     'keep-alive': 'timeout=10, max=50',
28 silly registry.get     connection: 'Keep-Alive' } ]
29 silly addNameRange number 2 { name: 'azure-cli', range: '*', hasData: true }
30 silly addNameRange versions [ 'azure-cli',
30 silly addNameRange   [ '0.6.8',
30 silly addNameRange     '0.6.9',
30 silly addNameRange     '0.6.10',
30 silly addNameRange     '0.6.11',
30 silly addNameRange     '0.6.14',
30 silly addNameRange     '0.6.15',
30 silly addNameRange     '0.6.16',
30 silly addNameRange     '0.6.17',
30 silly addNameRange     '0.6.18',
30 silly addNameRange     '0.7.0',
30 silly addNameRange     '0.7.1',
30 silly addNameRange     '0.7.2',
30 silly addNameRange     '0.7.3',
30 silly addNameRange     '0.7.4',
30 silly addNameRange     '0.7.5',
30 silly addNameRange     '0.8.0',
30 silly addNameRange     '0.8.1',
30 silly addNameRange     '0.8.2',
30 silly addNameRange     '0.8.3',
30 silly addNameRange     '0.8.4',
30 silly addNameRange     '0.8.5',
30 silly addNameRange     '0.8.6',
30 silly addNameRange     '0.8.7',
30 silly addNameRange     '0.8.8',
30 silly addNameRange     '0.8.9',
30 silly addNameRange     '0.8.10',
30 silly addNameRange     '0.8.11',
30 silly addNameRange     '0.8.12',
30 silly addNameRange     '0.8.13' ] ]
31 verbose addNamed [ 'azure-cli', '0.8.13' ]
32 verbose addNamed [ '0.8.13', '0.8.13' ]
33 silly lockFile c96b3fbf-azure-cli-0-8-13 azure-cli@0.8.13
34 verbose lock azure-cli@0.8.13 /Users/chitopolo/.npm/c96b3fbf-azure-cli-0-8-13.lock
35 silly lockFile ca25da93-g-azure-cli-azure-cli-0-8-13-tgz https://registry.npmjs.org/azure-cli/-/azure-cli-0.8.13.tgz
36 verbose lock https://registry.npmjs.org/azure-cli/-/azure-cli-0.8.13.tgz /Users/chitopolo/.npm/ca25da93-g-azure-cli-azure-cli-0-8-13-tgz.lock
37 verbose addRemoteTarball [ 'https://registry.npmjs.org/azure-cli/-/azure-cli-0.8.13.tgz',
37 verbose addRemoteTarball   'e155c8bfc5be35a1c43084074a6c0c098bdd015e' ]
38 info retry fetch attempt 1 at 15:13:06
39 verbose fetch to= /var/folders/r2/yr95t1n53sz1m0nm5g2qfrwr0000gn/T/npm-86269-DVdyLDcR/registry.npmjs.org/azure-cli/-/azure-cli-0.8.13.tgz
40 http GET https://registry.npmjs.org/azure-cli/-/azure-cli-0.8.13.tgz
41 http 200 https://registry.npmjs.org/azure-cli/-/azure-cli-0.8.13.tgz
42 silly lockFile ca25da93-g-azure-cli-azure-cli-0-8-13-tgz https://registry.npmjs.org/azure-cli/-/azure-cli-0.8.13.tgz
43 silly lockFile ca25da93-g-azure-cli-azure-cli-0-8-13-tgz https://registry.npmjs.org/azure-cli/-/azure-cli-0.8.13.tgz
44 silly lockFile c96b3fbf-azure-cli-0-8-13 azure-cli@0.8.13
45 silly lockFile c96b3fbf-azure-cli-0-8-13 azure-cli@0.8.13
46 silly lockFile a53364e7-azure-cli azure-cli@
47 silly lockFile a53364e7-azure-cli azure-cli@
48 error Error: EACCES, mkdir '/Users/chitopolo/.npm/azure-cli/0.8.13'
48 error  { [Error: EACCES, mkdir '/Users/chitopolo/.npm/azure-cli/0.8.13']
48 error   errno: 3,
48 error   code: 'EACCES',
48 error   path: '/Users/chitopolo/.npm/azure-cli/0.8.13' }
49 error Please try running this command again as root/Administrator.
50 error System Darwin 14.1.0
51 error command "node" "/usr/local/bin/npm" "install" "azure-cli" "-g"
52 error cwd /Users/chitopolo/Desktop/AppleBoFrom0
53 error node -v v0.10.33
54 error npm -v 1.4.28
55 error path /Users/chitopolo/.npm/azure-cli/0.8.13
56 error code EACCES
57 error errno 3
58 error stack Error: EACCES, mkdir '/Users/chitopolo/.npm/azure-cli/0.8.13'
59 verbose exit [ 3, true ]
